warning: No library characterized for (process = 1.00 voltage = 0.85 temperature = 25.00) can be found in the database for power domain '/PD_TOP'  [NL-174]
Report Power (instances with prefix '*' are included in total) : 
-----+---------------------------+--------------------+---------------------+-------------------+-----------------
     | Instance                  | Internal Power(uw) | Switching Power(uw) | Leakage Power(uw) | Total Power(uw) 
-----+---------------------------+--------------------+---------------------+-------------------+-----------------
1    |*currentstate_reg[2]       |            2.935725|            19.337921|           0.079112|        22.352758
2    |*currentstate_reg[1]       |            3.652205|            16.202061|           0.079112|        19.933378
3    |*currentstate_reg[0]       |            4.315013|            11.734542|           0.115104|        16.164660
4    |*i_0_0_0                   |            0.378692|             1.152881|           0.014353|         1.545925
5    |*i_0_0_1                   |            1.224394|             6.211556|           0.024415|         7.460365
6    |*i_0_0_2                   |            0.857061|             1.421797|           0.022619|         2.301477
7    |*i_0_0_3                   |            0.669239|             1.043649|           0.017393|         1.730282
8    |*i_0_0_4                   |            0.636444|             0.902992|           0.018105|         1.557541
9    |*i_0_0_5                   |            0.325187|             1.049291|           0.014353|         1.388831
10   |*rt_shieldBuf__1           |            1.590944|             7.873654|           0.021438|         9.486036
11   |*i_0_0_6                   |            2.195857|             8.702721|           0.017393|        10.915971
12   |*i_0_0_7                   |            0.535763|             0.900339|           0.027858|         1.463960
13   |*i_0_0_8                   |            0.190277|             0.330774|           0.027858|         0.548910
14   |*i_0_0_9                   |            0.624647|             0.611303|           0.024415|         1.260365
15   |*i_0_0_10                  |            1.008125|             1.402085|           0.017393|         2.427603
16   |*i_0_0_11                  |            0.964826|             0.496600|           0.017393|         1.478819
17   |*i_0_0_12                  |            0.694970|             1.027908|           0.021200|         1.744077
18   |*i_0_0_13                  |            3.542301|             1.309319|           0.022619|         4.874240
19   |*i_0_0_14                  |            3.069449|             1.213902|           0.022619|         4.305971
20   |*i_0_0_15                  |            2.663249|             1.372984|           0.021200|         4.057433
21   |*i_0_0_16                  |            0.348441|             1.005851|           0.014353|         1.368645
22   |*i_0_0_17                  |            0.570896|             5.588448|           0.017393|         6.176737
23   |*i_0_0_18                  |            0.841028|             1.200851|           0.027858|         2.069738
24   |*i_0_0_19                  |            3.548766|             1.432799|           0.027858|         5.009424
25   |*i_0_0_20                  |            1.265555|             1.493367|           0.034026|         2.792948
26   |*i_0_0_21                  |            0.722566|             1.176996|           0.027858|         1.927420
27   |*i_0_0_22                  |            0.511761|             1.064466|           0.017393|         1.593620
28   |*i_0_0_23                  |            6.630311|             1.413200|           0.014353|         8.057863
29   |*i_0_0_24                  |            3.147772|             9.674730|           0.027858|        12.850360
30   |*i_0_0_25                  |            5.089635|             1.384348|           0.014353|         6.488336
31   |*i_0_0_26                  |            3.432838|             7.732032|           0.022619|        11.187489
32   |*i_0_0_27                  |            1.185666|             0.384333|           0.018127|         1.588126
33   |*i_0_0_28                  |            1.527027|             1.130443|           0.017393|         2.674864
34   |*i_0_0_29                  |            0.708671|             1.290691|           0.017393|         2.016756
35   |*i_0_0_30                  |            0.357601|             1.037217|           0.017393|         1.412211
36   |*i_0_0_31                  |            4.508646|             1.437482|           0.032612|         5.978740
37   |*i_0_0_32                  |            0.698219|             2.870675|           0.017393|         3.586287
38   |*i_0_0_33                  |            4.320380|             1.361176|           0.022619|         5.704175
39   |*i_0_0_34                  |            2.630805|             1.386739|           0.017393|         4.034938
40   |*i_0_0_35                  |            0.904975|             1.239506|           0.022039|         2.166521
41   |*i_0_0_36                  |            0.402654|             1.730307|           0.017393|         2.150354
42   |*i_0_0_37                  |            2.927363|             1.081457|           0.018105|         4.026925
43   |*i_0_0_38                  |            2.217999|             1.833033|           0.014353|         4.065385
44   |*i_0_0_39                  |            2.143037|             5.720873|           0.027858|         7.891768
45   |*i_0_0_40                  |            0.405696|             5.594275|           0.014353|         6.014324
46   |*i_0_0_41                  |            2.311454|             2.426739|           0.017393|         4.755586
47   |*i_0_0_42                  |            1.963976|             9.710792|           0.017393|        11.692161
48   |*i_0_0_43                  |            0.872716|             0.440151|           0.017393|         1.330260
49   |*i_0_0_44                  |            0.301320|             0.481660|           0.027858|         0.810838
50   |*i_0_0_45                  |            0.348155|             0.504032|           0.022039|         0.874226
51   |*i_0_0_46                  |            0.437968|             0.686163|           0.018105|         1.142235
52   |*i_0_0_47                  |            4.236819|             2.862802|           0.022619|         7.122241
53   |*i_0_0_48                  |            0.239030|             0.700002|           0.014353|         0.953386
54   |*i_0_0_49                  |            0.346110|             4.705581|           0.021200|         5.072889
55   |*i_0_0_50                  |            1.487358|             0.400941|           0.022039|         1.910338
56   |*i_0_0_51                  |            2.615734|             1.113994|           0.021200|         3.750928
57   |*i_0_0_52                  |            1.718592|             0.675201|           0.022619|         2.416413
58   |*i_0_0_53                  |            0.651284|             1.258326|           0.021200|         1.930809
59   |*i_0_0_54                  |            1.107501|             0.480853|           0.027858|         1.616212
60   |*i_0_0_55                  |            0.399975|             0.610545|           0.018105|         1.028625
61   |*i_0_0_56                  |            0.784330|             5.890039|           0.014353|         6.688722
62   |*i_0_0_57                  |            0.790018|             5.736758|           0.014353|         6.541129
63   |*i_0_0_58                  |            0.736448|             7.180254|           0.014353|         7.931056
64   |*i_0_0_59                  |            8.815354|             7.040255|           0.014353|        15.869962
65   |*i_0_0_60                  |            2.029197|             0.820965|           0.027858|         2.878021
66   |*i_0_0_61                  |            2.328719|             1.336991|           0.017393|         3.683104
67   |*i_0_0_62                  |            3.599905|             2.767994|           0.014353|         6.382252
68   |*i_0_0_63                  |            4.006101|             9.287428|           0.022619|        13.316148
69   |*i_0_0_64                  |            4.848580|             2.577266|           0.022619|         7.448466
70   |*i_0_0_65                  |            0.292597|             3.427408|           0.014353|         3.734359
71   |*i_0_0_66                  |            3.155567|             3.965211|           0.021200|         7.141977
72   |*i_0_0_67                  |            3.150099|             2.541787|           0.027858|         5.719745
73   |*i_0_0_68                  |            3.529569|             2.149638|           0.017393|         5.696601
74   |*i_0_0_69                  |            9.614035|             1.464802|           0.014353|        11.093190
75   |*i_0_0_70                  |            9.186746|             4.172969|           0.014353|        13.374068
76   |*i_0_0_71                  |            0.326189|             3.872210|           0.014353|         4.212752
77   |*i_0_1                     |           18.482824|            14.668351|           0.239830|        33.391006
78   |*temp_output_signals_reg[5]|            0.889544|             0.937219|           0.079112|         1.905875
79   |*temp_output_signals_reg[4]|            0.785038|             0.504423|           0.115104|         1.404565
80   |*temp_output_signals_reg[3]|            1.842664|             1.938262|           0.079112|         3.860038
81   |*temp_output_signals_reg[2]|            1.223820|             0.784732|           0.115104|         2.123656
82   |*temp_output_signals_reg[0]|            2.569811|             1.647801|           0.115104|         4.332716
83   |*temp_output_signals_reg[1]|            2.682796|             2.819801|           0.079112|         5.581709
84   |                           |                    |                     |                   |                 
85   |*TOTAL                     |          187.830688|           260.153900|           2.566280|       450.550842
-----+---------------------------+--------------------+---------------------+-------------------+-----------------
