Report Physical info: 
------------------------+-----------------+-----------+------------
                        |                 |Area (squm)|Leakage (uW)
------------------------+-----------------+-----------+------------
Design Name             |FSMHomeAutomation|           |            
  Total Instances       |             1296|       1178|      25.216
    Macros              |                0|          0|       0.000
    Pads                |                0|          0|       0.000
    Phys                |                0|          0|       0.000
    Blackboxes          |                0|          0|       0.000
    Cells               |             1296|       1178|      25.216
      Buffers           |                0|          0|       0.000
      Inverters         |              337|        179|       4.837
      Clock-Gates       |                0|          0|       0.000
      Combinational     |              932|        876|      18.171
      Latches           |                0|          0|       0.000
      FlipFlops         |               27|        123|       2.208
       Single-Bit FF    |               27|        123|       2.208
       Multi-Bit FF     |                0|          0|       0.000
       Clock-Gated      |                0|           |            
       Bits             |               27|        123|       2.208
         Load-Enabled   |                0|           |            
         Clock-Gated    |                0|           |            
  Tristate Pin Count    |                0|           |            
Physical Info           |Placed           |           |            
  Chip Size (mm x mm)   |0.104 x 0.104    |      10882|            
  Fixed Cell Area       |                 |          0|            
    Phys Only           |                0|          0|            
  Placeable Area        |                 |       1921|            
  Movable Cell Area     |                 |       1178|            
  Utilization (%)       |               61|           |            
  Chip Utilization (%)  |               61|           |            
  Total Wire Length (mm)|            1.041|           |            
  Longest Wire (mm)     |            0.053|           |            
  Average Wire (mm)     |            0.052|           |            
------------------------+-----------------+-----------+------------
