Report End Points: 
-----+-------+------+-------+------+-----+-----+-----+---------------------+----------------------------
     |Group  |Launch|Capture|Shift |Delay|Depth|Slack|Begin Point          |End Point                   
-----+-------+------+-------+------+-----+-----+-----+---------------------+----------------------------
1    |default|sysclk|sysclk |1000.0|340.4|   15|464.9|currentstate_reg[2]/Q|temp_output_signals_reg[5]/D
2    |default|sysclk|sysclk |1000.0|340.4|   15|464.9|currentstate_reg[2]/Q|temp_output_signals_reg[1]/D
3    |default|sysclk|sysclk |1000.0|337.0|   15|468.3|currentstate_reg[2]/Q|temp_output_signals_reg[3]/D
-----+-------+------+-------+------+-----+-----+-----+---------------------+----------------------------
Report End Points: 
-----+-----+--------------+-------+------+-----+-----+-----+-----------+----------------------------
     |Group|Launch        |Capture|Shift |Delay|Depth|Slack|Begin Point|End Point                   
-----+-----+--------------+-------+------+-----+-----+-----+-----------+----------------------------
1    |I2R  |rtDefaultClock|sysclk |1000.0|260.9|    7|  0.1|sensors[2] |temp_output_signals_reg[5]/D
2    |I2R  |rtDefaultClock|sysclk |1000.0|260.9|    7|  0.1|sensors[2] |temp_output_signals_reg[4]/D
3    |I2R  |rtDefaultClock|sysclk |1000.0|260.9|    7|  0.1|sensors[2] |temp_output_signals_reg[3]/D
-----+-----+--------------+-------+------+-----+-----+-----+-----------+----------------------------
Report End Points: 
-----+-----+------+-------+-----+-----+-----+-----+-----------+---------
     |Group|Launch|Capture|Shift|Delay|Depth|Slack|Begin Point|End Point
-----+-----+------+-------+-----+-----+-----+-----+-----------+---------
1    |I2O  |      |       |     |     |     |     |           |         
-----+-----+------+-------+-----+-----+-----+-----+-----------+---------
Report End Points: 
-----+-----+------+-------+------+-----+-----+-----+---------------------+----------
     |Group|Launch|Capture|Shift |Delay|Depth|Slack|Begin Point          |End Point 
-----+-----+------+-------+------+-----+-----+-----+---------------------+----------
1    |R2O  |sysclk|vsysclk|1000.0|  0.4|    0|533.5|currentstate_reg[0]/Q|display[0]
2    |R2O  |sysclk|vsysclk|1000.0|  0.4|    0|533.7|currentstate_reg[1]/Q|display[1]
3    |R2O  |sysclk|vsysclk|1000.0|  0.4|    0|536.2|currentstate_reg[2]/Q|display[2]
-----+-----+------+-------+------+-----+-----+-----+---------------------+----------
