warning: No library characterized for (process = 1.00 voltage = 0.85 temperature = 25.00) can be found in the database for power domain '/PD_TOP'  [NL-174]
Report Power (instances with prefix '*' are included in total) : 
-----+---------------------------+--------------------+---------------------+-------------------+-----------------
     | Instance                  | Internal Power(uw) | Switching Power(uw) | Leakage Power(uw) | Total Power(uw) 
-----+---------------------------+--------------------+---------------------+-------------------+-----------------
1    |*currentstate_reg[2]       |            2.802215|            15.063667|           0.079112|        17.944994
2    |*currentstate_reg[1]       |            3.678111|            22.444254|           0.079112|        26.201475
3    |*currentstate_reg[0]       |            2.671433|            16.464357|           0.079112|        19.214905
4    |*i_0_0_0                   |            2.054896|             2.241766|           0.014353|         4.311016
5    |*i_0_0_1                   |            1.379093|             4.150906|           0.017393|         5.547392
6    |*i_0_0_2                   |            2.884940|             1.022788|           0.014353|         3.922082
7    |*i_0_0_3                   |            2.024328|             5.903510|           0.017393|         7.945232
8    |*i_0_0_4                   |            9.629982|             1.363718|           0.014353|        11.008053
9    |*i_0_0_5                   |            9.637429|             1.316520|           0.014353|        10.968302
10   |*i_0_0_6                   |            4.920228|             1.260409|           0.022619|         6.203257
11   |*i_0_2_0                   |            0.119519|             0.071989|           0.017393|         0.208901
12   |*i_0_2_1                   |            2.531762|             1.046355|           0.018105|         3.596221
13   |*i_0_2_2                   |            0.524561|             9.072863|           0.017393|         9.614817
14   |*i_0_2_3                   |            0.573573|             1.015301|           0.021200|         1.610073
15   |*i_0_2_4                   |            0.286097|             0.642882|           0.017393|         0.946373
16   |*i_0_2_5                   |            0.175226|             0.487812|           0.014353|         0.677391
17   |*i_0_2_6                   |            0.453281|             0.987330|           0.017393|         1.458005
18   |*i_0_2_7                   |            3.635786|             1.545071|           0.018105|         5.198962
19   |*i_0_2_8                   |            1.079741|             0.357538|           0.018105|         1.455383
20   |*i_0_2_9                   |            0.429403|             0.938656|           0.021200|         1.389258
21   |*i_0_2_10                  |            0.896739|             1.172707|           0.034026|         2.103472
22   |*i_0_2_11                  |            0.472832|             6.348915|           0.021200|         6.842946
23   |*i_0_2_12                  |            0.322061|             1.039204|           0.014353|         1.375618
24   |*i_0_2_13                  |            2.661810|             0.885799|           0.018105|         3.565714
25   |*i_0_2_14                  |            0.353313|             0.983589|           0.014353|         1.351255
26   |*i_0_2_15                  |            0.434085|             0.927843|           0.017393|         1.379321
27   |*i_0_2_16                  |            0.362316|             0.728420|           0.021200|         1.111936
28   |*i_0_2_17                  |            1.195123|             0.433863|           0.017393|         1.646380
29   |*i_0_2_18                  |            1.131981|             1.260340|           0.036441|         2.428761
30   |*i_0_2_19                  |            0.667664|             7.869024|           0.017393|         8.554081
31   |*i_0_2_20                  |            0.490758|             1.363315|           0.014353|         1.868426
32   |*i_0_2_21                  |            2.843377|             1.137097|           0.017393|         3.997867
33   |*i_0_2_22                  |            3.439102|             1.289789|           0.018105|         4.746996
34   |*i_0_2_23                  |            3.220322|             1.275192|           0.014353|         4.509867
35   |*i_0_2_24                  |            0.128757|             0.730193|           0.017393|         0.876344
36   |*i_0_2_25                  |            2.507611|             0.962147|           0.018105|         3.487863
37   |*i_0_2_26                  |            0.656921|             6.877290|           0.017393|         7.551604
38   |*i_0_2_27                  |            0.428907|             1.191497|           0.014353|         1.634757
39   |*i_0_2_28                  |            1.380447|             0.724167|           0.017393|         2.122007
40   |*i_0_2_29                  |            0.668733|             7.114725|           0.017393|         7.800852
41   |*i_0_2_30                  |            0.443715|             1.232633|           0.014353|         1.690701
42   |*i_0_2_31                  |            2.254889|             1.200219|           0.017393|         3.472502
43   |*i_0_2_32                  |            4.557401|             1.363249|           0.018127|         5.938776
44   |*i_0_2_33                  |            3.792615|             1.304657|           0.022619|         5.119892
45   |*i_0_2_34                  |            2.232379|             6.677340|           0.017393|         8.927112
46   |*i_0_2_35                  |            3.264585|             1.242605|           0.014353|         4.521543
47   |*i_0_2_36                  |            3.581460|             1.372087|           0.027858|         4.981406
48   |*i_0_2_37                  |            2.785827|            12.385350|           0.017393|        15.188570
49   |*i_0_2_38                  |            0.296373|             5.198230|           0.014353|         5.508956
50   |*i_0_2_39                  |            0.403464|             0.605833|           0.018105|         1.027401
51   |*i_0_2_40                  |            4.143347|             1.302906|           0.017393|         5.463646
52   |*i_0_2_41                  |            2.081378|             1.122241|           0.017393|         3.221013
53   |*i_0_2_42                  |            1.122742|             8.712542|           0.036441|         9.871725
54   |*i_0_2_43                  |            0.448177|             1.247681|           0.014353|         1.710212
55   |*i_0_2_44                  |            0.648557|             2.578895|           0.017393|         3.244844
56   |*i_0_2_45                  |            3.250477|             1.257919|           0.017393|         4.525790
57   |*i_0_2_46                  |            0.685671|             1.359527|           0.017393|         2.062590
58   |*i_0_2_47                  |            0.552515|             6.342271|           0.017393|         6.912179
59   |*i_0_2_48                  |            0.395540|             1.098804|           0.014353|         1.508698
60   |*i_0_2_49                  |            0.475245|             1.074028|           0.017393|         1.566667
61   |*i_0_2_50                  |            3.582995|             7.499807|           0.018105|        11.100907
62   |*i_0_2_51                  |            3.827507|             1.302060|           0.014353|         5.143920
63   |*i_0_2_52                  |            0.250679|             4.557841|           0.017393|         4.825914
64   |*i_0_2_53                  |            0.056653|             0.223609|           0.021200|         0.301462
65   |*i_0_2_54                  |            3.454407|             1.250937|           0.027858|         4.733202
66   |*i_0_2_55                  |            0.047118|             0.467709|           0.018105|         0.532932
67   |*i_0_2_56                  |            0.023559|             0.143554|           0.014353|         0.181467
68   |*i_0_2_57                  |            4.163592|             1.387674|           0.021200|         5.572465
69   |*i_0_2_58                  |            1.933813|             1.119633|           0.017393|         3.070840
70   |*i_0_2_59                  |            2.061898|             0.810526|           0.017393|         2.889817
71   |*i_0_2_60                  |            2.923104|             6.319236|           0.018105|         9.260445
72   |*i_0_2_61                  |            3.225006|             1.097099|           0.014353|         4.336458
73   |*i_0_2_62                  |            8.522600|             9.495204|           0.014353|        18.032158
74   |*i_0_2_63                  |            0.255753|             2.730691|           0.022619|         3.009063
75   |*i_0_2_64                  |            2.484957|             0.997852|           0.018105|         3.500913
76   |*i_0_2_65                  |            0.136928|             0.421742|           0.014353|         0.573024
77   |*i_0_2_66                  |            0.467468|             1.301385|           0.014353|         1.783206
78   |*i_0_2_67                  |            0.640921|             1.389347|           0.017393|         2.047661
79   |*i_0_2_68                  |            0.739385|             1.357734|           0.021200|         2.118319
80   |*i_0_2_69                  |            2.053443|             1.188306|           0.017393|         3.259142
81   |*i_0_2_70                  |            3.432497|             1.428993|           0.018105|         4.879594
82   |*i_0_2_71                  |            3.517123|             1.426427|           0.027858|         4.971409
83   |*i_0_2_72                  |            3.417343|            12.550068|           0.022619|        15.990030
84   |*i_0_2_73                  |            0.310934|             5.382771|           0.014353|         5.708058
85   |*i_0_2_74                  |            0.354261|             4.097185|           0.017393|         4.468840
86   |*i_0_2_75                  |            0.260244|             0.311823|           0.014353|         0.586420
87   |*i_0_2_76                  |            1.125902|             0.957267|           0.035928|         2.119097
88   |*i_0_2_77                  |            8.639941|             8.446251|           0.014353|        17.100546
89   |*i_0_2_78                  |            0.408050|             7.191004|           0.014353|         7.613407
90   |*i_0_2_79                  |            0.642525|             2.727357|           0.021200|         3.391082
91   |*i_0_2_80                  |            3.257696|             1.455678|           0.027858|         4.741233
92   |*i_0_2_81                  |            8.631478|             8.514088|           0.014353|        17.159920
93   |*i_0_2_82                  |            9.174004|             4.253728|           0.014353|        13.442085
94   |*i_0_2_83                  |            0.158301|             2.117181|           0.017393|         2.292875
95   |*i_0_2_84                  |            1.835771|             0.590648|           0.018127|         2.444546
96   |*i_0_2_85                  |            0.108469|             0.633970|           0.014353|         0.756792
97   |*i_0_2_86                  |            0.306304|             0.665275|           0.017393|         0.988972
98   |*i_0_2_87                  |            0.317254|             0.671140|           0.021200|         1.009593
99   |*i_0_2_88                  |            0.429118|             0.183111|           0.018105|         0.630333
100  |*i_0_2_91                  |            0.071454|             0.619516|           0.018105|         0.709075
101  |*i_0_2_92                  |            0.038186|             0.321916|           0.014353|         0.374456
102  |*i_0_2_93                  |            0.175906|             0.109656|           0.017393|         0.302956
103  |*i_0_2_94                  |            0.175357|             0.114726|           0.017393|         0.307477
104  |*i_0_2_95                  |            0.174731|             0.120512|           0.017393|         0.312636
105  |*i_0_2_96                  |            0.436634|             0.910885|           0.018105|         1.365623
106  |*i_0_2_97                  |            0.464864|             0.157375|           0.014353|         0.636593
107  |*i_0_2_98                  |            1.196296|             0.730196|           0.017393|         1.943886
108  |*i_0_2_99                  |            5.724060|             1.472980|           0.018105|         7.215144
109  |*i_0_2_100                 |            0.689679|            13.254199|           0.021200|        13.965078
110  |*i_0_2_101                 |            3.087643|             1.059652|           0.017393|         4.164689
111  |*i_0_2_102                 |            3.084811|             1.097445|           0.017393|         4.199649
112  |*i_0_2_103                 |            2.565400|             1.384531|           0.017393|         3.967324
113  |*i_0_2_104                 |            3.087643|             1.059652|           0.017393|         4.164689
114  |*i_0_2_105                 |            1.953879|             1.196640|           0.017393|         3.167912
115  |*i_0_2_106                 |            1.911601|             0.769821|           0.026832|         2.708254
116  |*i_0_2_107                 |            2.107915|             1.211879|           0.021200|         3.340993
117  |*i_0_2_108                 |            3.695032|            13.316620|           0.027858|        17.039511
118  |*i_0_2_89                  |            3.989815|             7.872049|           0.018105|        11.879969
119  |*i_0_2_90                  |            4.017480|             1.366686|           0.014353|         5.398520
120  |*i_0_3_0                   |            0.486972|             5.208256|           0.014353|         5.709581
121  |*i_0_3_1                   |            1.160533|             1.642145|           0.018105|         2.820783
122  |*i_0_3_2                   |            0.805187|             0.092430|           0.026481|         0.924098
123  |*i_0_3_3                   |            1.987216|             0.227011|           0.026481|         2.240708
124  |*i_0_3_4                   |            1.338920|             0.149397|           0.026481|         1.514799
125  |*i_0_3_5                   |            0.712376|             0.081648|           0.026481|         0.820505
126  |*i_0_3_6                   |            0.459585|             0.052423|           0.026481|         0.538490
127  |*i_0_3_7                   |            1.101434|             0.127001|           0.026481|         1.254918
128  |*i_0_4_0                   |            0.785614|             0.349732|           0.025066|         1.160412
129  |*i_0_4_1                   |            1.030254|             0.458594|           0.025066|         1.513914
130  |*i_0_4_2                   |            2.604159|             0.322199|           0.025066|         2.951424
131  |*i_0_4_3                   |            0.501408|             2.398773|           0.014353|         2.914535
132  |*i_0_4_4                   |            2.463276|            12.202968|           0.017393|        14.683637
133  |*i_0_4_5                   |            3.134508|             1.137251|           0.017393|         4.289152
134  |*i_0_4_6                   |            2.456307|             1.240637|           0.017393|         3.714338
135  |*i_0_4_7                   |            3.661556|             0.992510|           0.017393|         4.671459
136  |*i_0_4_8                   |            9.629982|             1.363718|           0.014353|        11.008053
137  |*i_0_4_9                   |            9.629982|             1.363718|           0.014353|        11.008053
138  |*i_0_1                     |           21.364040|            17.640917|           0.239830|        39.244789
139  |*temp_output_signals_reg[2]|            1.677302|             1.088520|           0.115104|         2.880926
140  |*temp_output_signals_reg[1]|            1.553417|             1.652364|           0.079112|         3.284893
141  |*temp_output_signals_reg[5]|            1.130431|             1.205290|           0.079112|         2.414833
142  |*temp_output_signals_reg[3]|            0.694582|             0.738480|           0.079112|         1.512174
143  |*temp_output_signals_reg[4]|            0.446858|             0.474818|           0.079112|         1.000788
144  |*temp_output_signals_reg[0]|            0.627183|             0.666679|           0.079112|         1.372974
145  |                           |                    |                     |                   |                 
146  |*TOTAL                     |          310.441315|           400.082214|           3.501752|       714.025269
-----+---------------------------+--------------------+---------------------+-------------------+-----------------
