Report Physical info: 
------------------------+-----------------+-----------+------------
                        |                 |Area (squm)|Leakage (uW)
------------------------+-----------------+-----------+------------
Design Name             |FSMHomeAutomation|           |            
  Total Instances       |              111|        124|       2.560
    Macros              |                0|          0|       0.000
    Pads                |                0|          0|       0.000
    Phys                |                0|          0|       0.000
    Blackboxes          |                0|          0|       0.000
    Cells               |              111|        124|       2.560
      Buffers           |                0|          0|       0.000
      Inverters         |               34|         18|       0.488
      Clock-Gates       |                0|          0|       0.000
      Combinational     |               68|         65|       1.360
      Latches           |                0|          0|       0.000
      FlipFlops         |                9|         41|       0.712
       Single-Bit FF    |                9|         41|       0.712
       Multi-Bit FF     |                0|          0|       0.000
       Clock-Gated      |                0|           |            
       Bits             |                9|         41|       0.712
         Load-Enabled   |                0|           |            
         Clock-Gated    |                0|           |            
  Tristate Pin Count    |                0|           |            
Physical Info           |Placed           |           |            
  Chip Size (mm x mm)   |0.074 x 0.074    |       5533|            
  Fixed Cell Area       |                 |          0|            
    Phys Only           |                0|          0|            
  Placeable Area        |                 |        199|            
  Movable Cell Area     |                 |        124|            
  Utilization (%)       |               62|           |            
  Chip Utilization (%)  |               62|           |            
  Total Wire Length (mm)|            0.638|           |            
  Longest Wire (mm)     |            0.038|           |            
  Average Wire (mm)     |            0.038|           |            
------------------------+-----------------+-----------+------------
