warning: No library characterized for (process = 1.00 voltage = 0.85 temperature = 25.00) can be found in the database for power domain '/PD_TOP'  [NL-174]
Report Power (instances with prefix '*' are included in total) : 
-----+---------------------------+--------------------+---------------------+-------------------+-----------------
     | Instance                  | Internal Power(uw) | Switching Power(uw) | Leakage Power(uw) | Total Power(uw) 
-----+---------------------------+--------------------+---------------------+-------------------+-----------------
1    |*temp_output_signals_reg[5]|            1.453432|             1.533949|           0.079112|         3.066494
2    |*temp_output_signals_reg[4]|            1.200631|             1.264599|           0.079112|         2.544343
3    |*temp_output_signals_reg[3]|            0.821929|             0.866240|           0.079112|         1.767281
4    |*temp_output_signals_reg[2]|            1.653739|             1.740654|           0.079112|         3.473505
5    |*temp_output_signals_reg[1]|            1.477865|             1.556470|           0.079112|         3.113447
6    |*temp_output_signals_reg[0]|            1.028753|             1.083888|           0.079112|         2.191753
7    |*currentstate_reg[2]       |            2.539055|            14.867807|           0.079112|        17.485973
8    |*currentstate_reg[1]       |            3.281270|            18.098841|           0.079112|        21.459223
9    |*currentstate_reg[0]       |            2.834105|            11.082655|           0.079112|        13.995872
10   |*i_0_0_0                   |            0.437134|             6.025632|           0.017393|         6.480160
11   |*i_0_0_1                   |            0.728233|             1.208871|           0.022619|         1.959723
12   |*i_0_0_2                   |            0.281555|             6.376616|           0.014353|         6.672523
13   |*i_0_0_3                   |            2.842075|             0.402538|           0.014353|         3.258966
14   |*i_0_0_4                   |            1.967993|             5.837413|           0.017393|         7.822801
15   |*i_0_0_5                   |            3.214110|             0.455231|           0.014353|         3.683695
16   |*i_0_0_6                   |            2.341471|             6.601547|           0.017393|         8.960411
17   |*i_0_0_7                   |            2.480680|             0.351352|           0.014353|         2.846386
18   |*i_0_0_8                   |            1.717788|             5.095135|           0.017393|         6.830316
19   |*i_0_0_9                   |            0.833661|             0.098339|           0.014353|         0.946353
20   |*i_0_0_10                  |            0.866265|             1.433665|           0.018127|         2.318057
21   |*i_0_0_11                  |            1.447528|             0.170752|           0.014353|         1.632633
22   |*i_0_0_12                  |            1.504810|             2.489347|           0.018127|         4.012283
23   |*i_0_0_13                  |            2.737594|             2.677721|           0.021200|         5.436514
24   |*i_0_0_14                  |            1.872172|             0.861645|           0.027858|         2.761676
25   |*i_0_0_15                  |            1.560748|             0.599530|           0.014353|         2.174632
26   |*i_0_0_16                  |            2.940786|             1.177583|           0.027858|         4.146227
27   |*i_0_0_17                  |            2.019711|             0.272395|           0.014353|         2.306459
28   |*i_0_0_18                  |            1.930757|             3.961096|           0.018105|         5.909957
29   |*i_0_0_19                  |            0.711587|             0.083939|           0.014353|         0.809879
30   |*i_0_0_20                  |            0.732823|             1.223732|           0.018127|         1.974681
31   |*i_0_0_21                  |            3.608098|             2.629315|           0.014353|         6.251766
32   |*i_0_0_22                  |            2.378173|             2.481826|           0.021200|         4.881198
33   |*i_0_0_23                  |            3.581396|             1.469592|           0.018105|         5.069093
34   |*i_0_0_24                  |            3.042319|             1.379128|           0.027858|         4.449305
35   |*i_0_0_25                  |            2.837246|             1.154380|           0.018105|         4.009731
36   |*i_0_0_26                  |            1.446778|             0.195125|           0.014353|         1.656255
37   |*i_0_0_27                  |            1.360370|             2.837449|           0.018105|         4.215923
38   |*i_0_0_28                  |            3.927315|            13.624349|           0.018105|        17.569769
39   |*i_0_0_29                  |            1.323450|             0.634044|           0.027858|         1.985352
40   |*i_0_0_30                  |            0.594112|             0.178035|           0.014353|         0.786500
41   |*i_0_0_31                  |            0.637511|             1.028083|           0.018127|         1.683721
42   |*i_0_0_32                  |            2.343369|             1.392804|           0.017393|         3.753567
43   |*i_0_0_33                  |            4.276443|             1.312455|           0.017393|         5.606291
44   |*i_0_0_34                  |            0.308191|             0.953810|           0.014353|         1.276354
45   |*i_0_0_35                  |            1.843029|             0.743604|           0.022619|         2.609252
46   |*i_0_0_36                  |            2.885223|             1.039083|           0.014353|         3.938660
47   |*i_0_0_37                  |            2.012863|             5.903510|           0.017393|         7.933766
48   |*i_0_0_38                  |            3.988064|             1.393758|           0.014353|         5.396175
49   |*i_0_0_39                  |            3.571337|             7.814091|           0.018105|        11.403533
50   |*i_0_0_40                  |            0.120970|             0.526484|           0.017393|         0.664848
51   |*i_0_0_41                  |            3.690177|             1.392666|           0.017393|         5.100236
52   |*i_0_0_42                  |            2.695247|             1.040920|           0.017393|         3.753561
53   |*i_0_0_43                  |            3.345493|             1.257795|           0.027858|         4.631146
54   |*i_0_0_44                  |            3.934315|             1.422468|           0.017393|         5.374177
55   |*i_0_0_45                  |            2.380119|             1.356780|           0.017393|         3.754292
56   |*i_0_0_46                  |            2.371915|             1.325707|           0.017393|         3.715015
57   |*i_0_0_47                  |            2.771348|             1.353527|           0.021200|         4.146075
58   |*i_0_0_48                  |            4.890292|             1.338078|           0.034026|         6.262396
59   |*i_0_0_49                  |            4.279727|             1.458310|           0.022619|         5.760655
60   |*i_0_0_50                  |            1.269665|             0.476279|           0.014353|         1.760297
61   |*i_0_0_51                  |            1.217835|             2.597206|           0.017393|         3.832434
62   |*i_0_0_52                  |            1.718325|             0.231748|           0.014353|         1.964426
63   |*i_0_0_53                  |            1.632266|             3.370012|           0.018105|         5.020383
64   |*i_0_0_54                  |            4.324581|             5.432005|           0.022039|         9.778625
65   |*i_0_0_55                  |            3.010217|             1.139642|           0.014353|         4.164213
66   |*i_0_0_56                  |            2.153412|             6.157279|           0.017393|         8.328085
67   |*i_0_0_57                  |            1.573122|             1.747624|           0.017393|         3.338139
68   |*i_0_0_58                  |            2.884940|             1.022788|           0.014353|         3.922082
69   |*i_0_0_59                  |            2.574903|             5.903511|           0.017393|         8.495807
70   |*i_0_0_60                  |            3.329459|             1.046583|           0.022619|         4.398662
71   |*i_0_0_61                  |            0.925780|             1.030066|           0.017393|         1.973240
72   |*i_0_0_62                  |            2.654716|             0.843197|           0.027858|         3.525772
73   |*i_0_0_63                  |            2.735214|             1.312455|           0.017393|         4.065062
74   |*i_0_0_64                  |            1.308870|             0.873295|           0.017393|         2.199558
75   |*i_0_0_65                  |            2.826896|             2.128407|           0.018105|         4.973408
76   |*i_0_0_66                  |            0.888210|             1.483350|           0.021200|         2.392759
77   |*i_0_0_67                  |            2.519522|             0.880988|           0.022619|         3.423130
78   |*i_0_0_68                  |            2.813792|             1.189476|           0.027858|         4.031127
79   |*i_0_0_69                  |            3.337895|             1.226037|           0.014353|         4.578285
80   |*i_0_0_70                  |            2.160822|             6.828876|           0.017393|         9.007091
81   |*i_0_0_71                  |            1.272565|             1.414311|           0.017393|         2.704269
82   |*i_0_0_72                  |            3.883759|             2.797587|           0.022619|         6.703967
83   |*i_0_0_73                  |            9.188274|             4.163280|           0.014353|        13.365907
84   |*i_0_0_74                  |            1.193141|             0.937131|           0.014353|         2.144625
85   |*i_0_0_75                  |            1.197535|             3.084517|           0.017393|         4.299446
86   |*i_0_0_76                  |            2.613024|             5.316144|           0.017393|         7.946561
87   |*i_0_0_77                  |            1.994731|             0.779753|           0.022619|         2.797103
88   |*i_0_0_78                  |            1.830123|             4.067041|           0.018105|         5.915269
89   |*i_0_0_79                  |            9.207617|             4.040680|           0.014353|        13.262650
90   |*i_0_0_80                  |            1.436731|             0.566800|           0.014353|         2.017884
91   |*i_0_0_81                  |            1.506502|             3.753746|           0.018105|         5.278353
92   |*i_0_0_82                  |            4.701579|             1.389512|           0.022619|         6.113710
93   |*i_0_0_83                  |            3.747451|             1.333858|           0.022619|         5.103929
94   |*i_0_0_84                  |            1.270726|             0.504431|           0.014353|         1.789510
95   |*i_0_0_85                  |            1.353517|             3.338124|           0.018105|         4.709746
96   |*i_0_0_86                  |            2.675852|             1.036354|           0.014353|         3.726559
97   |*i_0_0_87                  |            2.024263|             9.152541|           0.017393|        11.194197
98   |*i_0_0_88                  |            0.314480|             5.636904|           0.014353|         5.965737
99   |*i_0_0_89                  |            2.035586|             1.103526|           0.017393|         3.156505
100  |*i_0_0_90                  |            2.769239|             1.280299|           0.017393|         4.066931
101  |*i_0_0_91                  |            1.630663|             0.952416|           0.018127|         2.601205
102  |*i_0_0_92                  |            2.699838|             0.979895|           0.017393|         3.697127
103  |*i_0_0_93                  |            9.005824|             5.513574|           0.014353|        14.533751
104  |*i_0_0_94                  |            9.177187|             4.233553|           0.014353|        13.425093
105  |*i_0_0_95                  |            9.412773|             2.740402|           0.014353|        12.167528
106  |*i_0_0_96                  |            9.003258|             5.534140|           0.014353|        14.551751
107  |*i_0_0_97                  |            3.668983|             2.612561|           0.022619|         6.304163
108  |*i_0_0_98                  |            3.607303|             1.351678|           0.021200|         4.980182
109  |*i_0_0_99                  |            0.279927|             0.823057|           0.014353|         1.117337
110  |*i_0_0_100                 |            0.364343|             5.371625|           0.014353|         5.750321
111  |*i_0_0_101                 |            0.482598|            12.944932|           0.014353|        13.441883
112  |                           |                    |                     |                   |                 
113  |*TOTAL                     |          281.314941|           305.811493|           2.560085|       589.686462
-----+---------------------------+--------------------+---------------------+-------------------+-----------------
