Report Physical info: 
------------------------+-----------------+-----------+------------
                        |                 |Area (squm)|Leakage (uW)
------------------------+-----------------+-----------+------------
Design Name             |FSMHomeAutomation|           |            
  Total Instances       |               72|        101|       2.175
    Macros              |                0|          0|       0.000
    Pads                |                0|          0|       0.000
    Phys                |                0|          0|       0.000
    Blackboxes          |                0|          0|       0.000
    Cells               |               72|        101|       2.175
      Buffers           |                0|          0|       0.000
      Inverters         |               16|          9|       0.230
      Clock-Gates       |                0|          0|       0.000
      Combinational     |               47|         51|       1.233
      Latches           |                0|          0|       0.000
      FlipFlops         |                9|         41|       0.712
       Single-Bit FF    |                9|         41|       0.712
       Multi-Bit FF     |                0|          0|       0.000
       Clock-Gated      |                0|           |            
       Bits             |                9|         41|       0.712
         Load-Enabled   |                0|           |            
         Clock-Gated    |                0|           |            
  Tristate Pin Count    |                0|           |            
Physical Info           |Placed           |           |            
  Chip Size (mm x mm)   |0.073 x 0.073    |       5321|            
  Fixed Cell Area       |                 |          0|            
    Phys Only           |                0|          0|            
  Placeable Area        |                 |        163|            
  Movable Cell Area     |                 |        101|            
  Utilization (%)       |               61|           |            
  Chip Utilization (%)  |               61|           |            
  Total Wire Length (mm)|            0.626|           |            
  Longest Wire (mm)     |            0.037|           |            
  Average Wire (mm)     |            0.037|           |            
------------------------+-----------------+-----------+------------
