warning: No library characterized for (process = 1.00 voltage = 0.85 temperature = 25.00) can be found in the database for power domain '/PD_TOP'  [NL-174]
Report Power (instances with prefix '*' are included in total) : 
-----+---------------------------+--------------------+---------------------+-------------------+-----------------
     | Instance                  | Internal Power(uw) | Switching Power(uw) | Leakage Power(uw) | Total Power(uw) 
-----+---------------------------+--------------------+---------------------+-------------------+-----------------
1    |*temp_output_signals_reg[5]|            0.999876|             1.048367|           0.079112|         2.127355
2    |*temp_output_signals_reg[4]|            0.999868|             1.047681|           0.079112|         2.126662
3    |*temp_output_signals_reg[3]|            0.999876|             1.048412|           0.079112|         2.127400
4    |*temp_output_signals_reg[2]|            0.999868|             1.047681|           0.079112|         2.126662
5    |*temp_output_signals_reg[1]|            0.999876|             1.048412|           0.079112|         2.127400
6    |*temp_output_signals_reg[0]|            0.999831|             1.044441|           0.079112|         2.123385
7    |*currentstate_reg[2]       |            2.369385|            11.492436|           0.079112|        13.940932
8    |*currentstate_reg[1]       |            3.445039|            15.965665|           0.079112|        19.489817
9    |*currentstate_reg[0]       |            3.200468|            15.057688|           0.079112|        18.337269
10   |*i_0_0_2                   |            5.924311|             6.613390|           0.034566|        12.572267
11   |*i_0_0_3                   |            0.479565|             0.639855|           0.034566|         1.153986
12   |*i_0_0_4                   |            1.092330|             0.948408|           0.022619|         2.063357
13   |*i_0_0_5                   |            0.667347|             0.639657|           0.022619|         1.329623
14   |*i_0_0_11                  |            2.232856|             0.504403|           0.034026|         2.771286
15   |*i_0_0_12                  |            2.332263|             1.435821|           0.041741|         3.809825
16   |*i_0_0_13                  |            1.047973|             1.031486|           0.027858|         2.107317
17   |*i_0_0_14                  |            1.880215|             0.823000|           0.034566|         2.737780
18   |*i_0_0_15                  |            3.081662|             0.892689|           0.027858|         4.002210
19   |*i_0_0_16                  |            0.908337|             0.606081|           0.034566|         1.548984
20   |*i_0_0_17                  |            4.215058|             1.198851|           0.032612|         5.446522
21   |*i_0_0_18                  |            0.575599|             0.903993|           0.026832|         1.506423
22   |*i_0_0_19                  |            1.475972|             1.525110|           0.048314|         3.049396
23   |*i_0_0_20                  |            2.678251|             0.304935|           0.022695|         3.005881
24   |*i_0_0_21                  |            1.920211|             0.358128|           0.032601|         2.310941
25   |*i_0_0_22                  |            1.127066|             0.566026|           0.041741|         1.734832
26   |*i_0_0_23                  |            1.277953|             0.246259|           0.032601|         1.556813
27   |*i_0_0_25                  |            0.238922|             0.304096|           0.032601|         0.575620
28   |*i_0_0_26                  |            0.253254|             0.196129|           0.032601|         0.481984
29   |*i_0_0_27                  |            0.824511|             1.275392|           0.027858|         2.127762
30   |*i_0_0_28                  |            0.459280|             1.256269|           0.026832|         1.742380
31   |*i_0_0_29                  |            0.680286|             2.446313|           0.021200|         3.147798
32   |*i_0_0_30                  |            3.228853|             2.830925|           0.021200|         6.080976
33   |*i_0_0_31                  |            0.287729|             0.186169|           0.026832|         0.500729
34   |*i_0_0_32                  |            0.174520|             0.113084|           0.026832|         0.314435
35   |*i_0_0_33                  |            0.136608|             0.062037|           0.025066|         0.223711
36   |*i_0_0_36                  |            0.626975|            11.166432|           0.021200|        11.814606
37   |*i_0_0_37                  |            0.231364|             0.273740|           0.025066|         0.530169
38   |*i_0_0_39                  |            0.231319|             0.097258|           0.026481|         0.355058
39   |*i_0_0_40                  |            0.182462|             0.076546|           0.026481|         0.285490
40   |*i_0_0_41                  |            0.206627|             1.525657|           0.021200|         1.753483
41   |*i_0_0_42                  |            0.941058|             2.714055|           0.014353|         3.669466
42   |*i_0_0_43                  |            9.303542|             3.432711|           0.014353|        12.750606
43   |*i_0_0_44                  |            0.696646|             8.252778|           0.014353|         8.963777
44   |*i_0_0_45                  |            0.355801|             3.835073|           0.014353|         4.205227
45   |*i_0_0_47                  |            0.263637|             1.327079|           0.014353|         1.605069
46   |*i_0_0_0                   |            3.305162|             1.782153|           0.014353|         5.101668
47   |*i_0_0_1                   |            0.462138|             4.044818|           0.014353|         4.521309
48   |*i_0_0_6                   |            1.088194|             0.446162|           0.017393|         1.551750
49   |*i_0_0_7                   |            0.332493|             0.547767|           0.022619|         0.902879
50   |*i_0_0_8                   |            0.487438|             0.830163|           0.027858|         1.345459
51   |*i_0_0_9                   |            0.609346|             1.326484|           0.017393|         1.953223
52   |*i_0_0_10                  |            3.291689|             8.472428|           0.017393|        11.781511
53   |*i_0_0_24                  |            0.296416|             0.448422|           0.017393|         0.762231
54   |*i_0_0_34                  |            0.669221|             1.064466|           0.017393|         1.751080
55   |*i_0_0_35                  |            0.168313|             0.301405|           0.027858|         0.497576
56   |*i_0_0_38                  |            0.514620|             1.032332|           0.017393|         1.564345
57   |*i_0_0_46                  |            1.036302|             1.363718|           0.014353|         2.414373
58   |*i_0_0_48                  |            1.039903|             1.316520|           0.014353|         2.370776
59   |*i_0_0_49                  |            0.104344|             0.234374|           0.017393|         0.356112
60   |*i_0_0_50                  |            0.620612|             1.026815|           0.018105|         1.665531
61   |*i_0_0_51                  |            0.123509|             0.754298|           0.014353|         0.892160
62   |*i_0_0_52                  |            0.183991|             2.921178|           0.021200|         3.126368
63   |*i_0_0_53                  |            0.382244|             6.816661|           0.014353|         7.213258
64   |*i_0_0_54                  |            1.026915|             1.486756|           0.014353|         2.528024
65   |*i_0_0_55                  |            1.034922|             1.381805|           0.014353|         2.431080
66   |*i_0_0_56                  |            0.495241|             1.385444|           0.014353|         1.895038
67   |*i_0_0_57                  |            2.510361|             0.842990|           0.022619|         3.375971
68   |*i_0_0_58                  |            2.544704|             1.421934|           0.017393|         3.984032
69   |*i_0_0_59                  |            0.737665|             1.081135|           0.017393|         1.836193
70   |*i_0_0_60                  |            0.475430|             4.265195|           0.014353|         4.754978
71   |*i_0_0_61                  |            1.358432|             7.819768|           0.022695|         9.200895
72   |*i_0_0_62                  |            3.063365|             1.100851|           0.014353|         4.178569
73   |                           |                    |                     |                   |                 
74   |*TOTAL                     |           95.217430|           164.926651|           2.174988|       262.319092
-----+---------------------------+--------------------+---------------------+-------------------+-----------------
